# JRE version: OpenJDK Runtime Environment (11.0.10) (build 11.0.10+0-b96-7249189)
# Java VM: OpenJDK 64-Bit Server VM (11.0.10+0-b96-7249189, mixed mode, tiered, compressed oops, g1 gc, windows-amd64)
Heap:
 garbage-first heap   total 522240K, used 433841K [0x0000000080000000, 0x0000000100000000)
  region size 1024K, 203 young (207872K), 4 survivors (4096K)
 Metaspace       used 199017K, capacity 204798K, committed 205100K, reserved 1228800K
  class space    used 23806K, capacity 25877K, committed 25932K, reserved 1048576K
GC Heap History (20 events):
Event: 3260.816 GC heap before
{Heap before GC invocations=132 (full 0):
 garbage-first heap   total 522240K, used 229600K [0x0000000080000000, 0x0000000100000000)
  region size 1024K, 35 young (35840K), 3 survivors (3072K)
 Metaspace       used 189576K, capacity 195400K, committed 195628K, reserved 1220608K
  class space    used 22778K, capacity 24866K, committed 24908K, reserved 1048576K
}
Event: 3260.829 GC heap after
{Heap after GC invocations=133 (full 0):
 garbage-first heap   total 522240K, used 198742K [0x0000000080000000, 0x0000000100000000)
  region size 1024K, 4 young (4096K), 4 survivors (4096K)
 Metaspace       used 189576K, capacity 195400K, committed 195628K, reserved 1220608K
  class space    used 22778K, capacity 24866K, committed 24908K, reserved 1048576K
}
Event: 3261.744 GC heap before
{Heap before GC invocations=134 (full 0):
 garbage-first heap   total 522240K, used 425046K [0x0000000080000000, 0x0000000100000000)
  region size 1024K, 221 young (226304K), 4 survivors (4096K)
 Metaspace       used 194765K, capacity 200625K, committed 200748K, reserved 1224704K
  class space    used 23288K, capacity 25389K, committed 25420K, reserved 1048576K
}
Event: 3261.755 GC heap after
{Heap after GC invocations=135 (full 0):
 garbage-first heap   total 522240K, used 211459K [0x0000000080000000, 0x0000000100000000)
  region size 1024K, 13 young (13312K), 13 survivors (13312K)
 Metaspace       used 194765K, capacity 200625K, committed 200748K, reserved 1224704K
  class space    used 23288K, capacity 25389K, committed 25420K, reserved 1048576K
}
Event: 3261.807 GC heap before
{Heap before GC invocations=135 (full 0):
 garbage-first heap   total 522240K, used 222723K [0x0000000080000000, 0x0000000100000000)
  region size 1024K, 25 young (25600K), 13 survivors (13312K)
 Metaspace       used 195089K, capacity 200913K, committed 201132K, reserved 1224704K
  class space    used 23336K, capacity 25421K, committed 25548K, reserved 1048576K
}
Event: 3261.817 GC heap after
{Heap after GC invocations=136 (full 0):
 garbage-first heap   total 522240K, used 212359K [0x0000000080000000, 0x0000000100000000)
  region size 1024K, 2 young (2048K), 2 survivors (2048K)
 Metaspace       used 195089K, capacity 200913K, committed 201132K, reserved 1224704K
  class space    used 23336K, capacity 25421K, committed 25548K, reserved 1048576K
}
Event: 3263.011 GC heap before
{Heap before GC invocations=136 (full 0):
 garbage-first heap   total 522240K, used 428423K [0x0000000080000000, 0x0000000100000000)
  region size 1024K, 213 young (218112K), 2 survivors (2048K)
 Metaspace       used 198868K, capacity 204702K, committed 204844K, reserved 1228800K
  class space    used 23802K, capacity 25872K, committed 25932K, reserved 1048576K
}
Event: 3263.020 GC heap after
{Heap after GC invocations=137 (full 0):
 garbage-first heap   total 522240K, used 212222K [0x0000000080000000, 0x0000000100000000)
  region size 1024K, 4 young (4096K), 4 survivors (4096K)
 Metaspace       used 198868K, capacity 204702K, committed 204844K, reserved 1228800K
  class space    used 23802K, capacity 25872K, committed 25932K, reserved 1048576K
}
Event: 3264.315 GC heap before
{Heap before GC invocations=138 (full 0):
 garbage-first heap   total 522240K, used 433406K [0x0000000080000000, 0x0000000100000000)
  region size 1024K, 220 young (225280K), 4 survivors (4096K)
 Metaspace       used 198925K, capacity 204713K, committed 204844K, reserved 1228800K
  class space    used 23805K, capacity 25876K, committed 25932K, reserved 1048576K
}
Event: 3264.323 GC heap after
{Heap after GC invocations=139 (full 0):
 garbage-first heap   total 522240K, used 213063K [0x0000000080000000, 0x0000000100000000)
  region size 1024K, 5 young (5120K), 5 survivors (5120K)
 Metaspace       used 198925K, capacity 204713K, committed 204844K, reserved 1228800K
  class space    used 23805K, capacity 25876K, committed 25932K, reserved 1048576K
}
Event: 3264.411 GC heap before
{Heap before GC invocations=139 (full 0):
 garbage-first heap   total 522240K, used 233543K [0x0000000080000000, 0x0000000100000000)
  region size 1024K, 25 young (25600K), 5 survivors (5120K)
 Metaspace       used 198926K, capacity 204714K, committed 204844K, reserved 1228800K
  class space    used 23805K, capacity 25876K, committed 25932K, reserved 1048576K
}
Event: 3264.424 GC heap after
{Heap after GC invocations=140 (full 0):
 garbage-first heap   total 522240K, used 201664K [0x0000000080000000, 0x0000000100000000)
  region size 1024K, 2 young (2048K), 2 survivors (2048K)
 Metaspace       used 198926K, capacity 204714K, committed 204844K, reserved 1228800K
  class space    used 23805K, capacity 25876K, committed 25932K, reserved 1048576K
}
Event: 3265.208 GC heap before
{Heap before GC invocations=140 (full 0):
 garbage-first heap   total 522240K, used 436160K [0x0000000080000000, 0x0000000100000000)
  region size 1024K, 231 young (236544K), 2 survivors (2048K)
 Metaspace       used 198951K, capacity 204780K, committed 204844K, reserved 1228800K
  class space    used 23805K, capacity 25876K, committed 25932K, reserved 1048576K
}
Event: 3265.215 GC heap after
{Heap after GC invocations=141 (full 0):
 garbage-first heap   total 522240K, used 202249K [0x0000000080000000, 0x0000000100000000)
  region size 1024K, 3 young (3072K), 3 survivors (3072K)
 Metaspace       used 198951K, capacity 204780K, committed 204844K, reserved 1228800K
  class space    used 23805K, capacity 25876K, committed 25932K, reserved 1048576K
}
Event: 3266.105 GC heap before
{Heap before GC invocations=142 (full 0):
 garbage-first heap   total 522240K, used 439817K [0x0000000080000000, 0x0000000100000000)
  region size 1024K, 235 young (240640K), 3 survivors (3072K)
 Metaspace       used 198962K, capacity 204781K, committed 204844K, reserved 1228800K
  class space    used 23805K, capacity 25876K, committed 25932K, reserved 1048576K
}
Event: 3266.110 GC heap after
{Heap after GC invocations=143 (full 0):
 garbage-first heap   total 522240K, used 202601K [0x0000000080000000, 0x0000000100000000)
  region size 1024K, 3 young (3072K), 3 survivors (3072K)
 Metaspace       used 198962K, capacity 204781K, committed 204844K, reserved 1228800K
  class space    used 23805K, capacity 25876K, committed 25932K, reserved 1048576K
}
Event: 3266.181 GC heap before
{Heap before GC invocations=143 (full 0):
 garbage-first heap   total 522240K, used 225129K [0x0000000080000000, 0x0000000100000000)
  region size 1024K, 25 young (25600K), 3 survivors (3072K)
 Metaspace       used 198964K, capacity 204781K, committed 204844K, reserved 1228800K
  class space    used 23805K, capacity 25876K, committed 25932K, reserved 1048576K
}
Event: 3266.191 GC heap after
{Heap after GC invocations=144 (full 0):
 garbage-first heap   total 522240K, used 194635K [0x0000000080000000, 0x0000000100000000)
  region size 1024K, 2 young (2048K), 2 survivors (2048K)
 Metaspace       used 198964K, capacity 204781K, committed 204844K, reserved 1228800K
  class space    used 23805K, capacity 25876K, committed 25932K, reserved 1048576K
}
Event: 3267.110 GC heap before
{Heap before GC invocations=144 (full 0):
 garbage-first heap   total 522240K, used 442443K [0x0000000080000000, 0x0000000100000000)
  region size 1024K, 244 young (249856K), 2 survivors (2048K)
 Metaspace       used 198983K, capacity 204787K, committed 204844K, reserved 1228800K
  class space    used 23805K, capacity 25876K, committed 25932K, reserved 1048576K
}
Event: 3267.118 GC heap after
{Heap after GC invocations=145 (full 0):
 garbage-first heap   total 522240K, used 196273K [0x0000000080000000, 0x0000000100000000)
  region size 1024K, 4 young (4096K), 4 survivors (4096K)
 Metaspace       used 198983K, capacity 204787K, committed 204844K, reserved 1228800K
  class space    used 23805K, capacity 25876K, committed 25932K, reserved 1048576K
}

